<?xml version="1.0" encoding="UTF-8"?>
<!-- Generated by org.testng.reporters.JUnitReportReporter -->
<testsuite hostname="DESKTOP-DRKC6J6" failures="0" tests="2" name="runner.TestRunner" time="4.571" errors="0" timestamp="2025-06-02T08:47:22 IST" skipped="0">
  <testcase classname="runner.TestRunner" name="runScenario" time="1.554"/>
  <system-out/>
  <testcase classname="runner.TestRunner" name="runScenario" time="3.017"/>
  <system-out/>
</testsuite> <!-- runner.TestRunner -->
