<?xml version="1.0" encoding="UTF-8"?>
<!-- Generated by org.testng.reporters.JUnitReportReporter -->
<testsuite hostname="DESKTOP-DRKC6J6" failures="0" tests="5" name="SeleniumTestFramework.V1.BaseTest" time="158.884" errors="0" timestamp="2025-05-19T13:43:02 IST" skipped="0">
  <testcase classname="SeleniumTestFramework.V1.BaseTest" name="getCurrentUrl" time="66.491"/>
  <testcase classname="SeleniumTestFramework.V1.BaseTest" name="getCurrentUrl3" time="18.716"/>
  <testcase classname="SeleniumTestFramework.V1.BaseTest" name="getTitle" time="39.997"/>
  <testcase classname="SeleniumTestFramework.V1.BaseTest" name="getCurrentUr2" time="23.861"/>
  <testcase classname="SeleniumTestFramework.V1.BaseTest" name="getCurrentUrl1" time="9.819"/>
</testsuite> <!-- SeleniumTestFramework.V1.BaseTest -->
