<?xml version="1.0" encoding="UTF-8"?>
<!-- Generated by org.testng.reporters.JUnitReportReporter -->
<testsuite hostname="DESKTOP-DRKC6J6" failures="0" tests="2" name="runner.TestRunner" time="0.371" errors="2" timestamp="2025-06-02T07:14:50 IST" skipped="0">
  <testcase classname="runner.TestRunner" name="runScenario" time="0.254">
    <error message="Cannot invoke &quot;java.util.Properties.load(java.io.InputStream)&quot; because &quot;this.prop&quot; is null" type="java.lang.NullPointerException">
      <![CDATA[java.lang.NullPointerException: Cannot invoke "java.util.Properties.load(java.io.InputStream)" because "this.prop" is null
at StepDefinitions.Hooks.setup(Hooks.java:30)
]]>
    </error>
  </testcase> <!-- runScenario -->
  <system-out/>
  <testcase classname="runner.TestRunner" name="runScenario" time="0.117">
    <error message="Cannot invoke &quot;java.util.Properties.load(java.io.InputStream)&quot; because &quot;this.prop&quot; is null" type="java.lang.NullPointerException">
      <![CDATA[java.lang.NullPointerException: Cannot invoke "java.util.Properties.load(java.io.InputStream)" because "this.prop" is null
at StepDefinitions.Hooks.setup(Hooks.java:30)
]]>
    </error>
  </testcase> <!-- runScenario -->
  <system-out/>
</testsuite> <!-- runner.TestRunner -->
